# JRE version: OpenJDK Runtime Environment (15.0+36) (build 15+36-1562)
# Java VM: OpenJDK 64-Bit Server VM (15+36-1562, mixed mode, sharing, tiered, compressed oops, g1 gc, windows-amd64)
GC Precious Log:
 CPUs: 8 total, 8 available
 Memory: 8125M
 Large Page Support: Disabled
 NUMA Support: Disabled
 Compressed Oops: Enabled (32-bit)
 Heap Region Size: 1M
 Heap Min Capacity: 8M
 Heap Initial Capacity: 128M
 Heap Max Capacity: 2032M
 Pre-touch: Disabled
 Parallel Workers: 8
 Concurrent Workers: 2
 Concurrent Refinement Workers: 8
 Periodic GC: Disabled
Heap:
 garbage-first heap   total 131072K, used 56847K [0x0000000081000000, 0x0000000100000000)
  region size 1024K, 30 young (30720K), 2 survivors (2048K)
 Metaspace       used 13955K, capacity 14204K, committed 14464K, reserved 1062912K
  class space    used 1076K, capacity 1144K, committed 1152K, reserved 1048576K
GC Heap History (6 events):
Event: 2.710 GC heap before
{Heap before GC invocations=0 (full 0):
 garbage-first heap   total 131072K, used 23552K [0x0000000081000000, 0x0000000100000000)
  region size 1024K, 23 young (23552K), 0 survivors (0K)
 Metaspace       used 9670K, capacity 9909K, committed 10368K, reserved 1058816K
  class space    used 742K, capacity 809K, committed 896K, reserved 1048576K
}
Event: 2.730 GC heap after
{Heap after GC invocations=1 (full 0):
 garbage-first heap   total 131072K, used 3730K [0x0000000081000000, 0x0000000100000000)
  region size 1024K, 3 young (3072K), 3 survivors (3072K)
 Metaspace       used 9670K, capacity 9909K, committed 10368K, reserved 1058816K
  class space    used 742K, capacity 809K, committed 896K, reserved 1048576K
}
Event: 8.737 GC heap before
{Heap before GC invocations=1 (full 0):
 garbage-first heap   total 131072K, used 58002K [0x0000000081000000, 0x0000000100000000)
  region size 1024K, 32 young (32768K), 3 survivors (3072K)
 Metaspace       used 13465K, capacity 13675K, committed 13952K, reserved 1062912K
  class space    used 1064K, capacity 1104K, committed 1152K, reserved 1048576K
}
Event: 8.743 GC heap after
{Heap after GC invocations=2 (full 0):
 garbage-first heap   total 131072K, used 29343K [0x0000000081000000, 0x0000000100000000)
  region size 1024K, 2 young (2048K), 2 survivors (2048K)
 Metaspace       used 13465K, capacity 13675K, committed 13952K, reserved 1062912K
  class space    used 1064K, capacity 1104K, committed 1152K, reserved 1048576K
}
Event: 19.101 GC heap before
{Heap before GC invocations=2 (full 0):
 garbage-first heap   total 131072K, used 90783K [0x0000000081000000, 0x0000000100000000)
  region size 1024K, 63 young (64512K), 2 survivors (2048K)
 Metaspace       used 13879K, capacity 14108K, committed 14464K, reserved 1062912K
  class space    used 1070K, capacity 1112K, committed 1152K, reserved 1048576K
}
Event: 19.104 GC heap after
{Heap after GC invocations=3 (full 0):
 garbage-first heap   total 131072K, used 30223K [0x0000000081000000, 0x0000000100000000)
  region size 1024K, 2 young (2048K), 2 survivors (2048K)
 Metaspace       used 13879K, capacity 14108K, committed 14464K, reserved 1062912K
  class space    used 1070K, capacity 1112K, committed 1152K, reserved 1048576K
}

